android/app/build/intermediates/manifest_merge_blame_file/release/manifest-merger-blame-release-report.txt
1<?xml version="1.0" encoding="utf-8"?>
2<manifest xmlns:android="http://schemas.android.com/apk/res/android"
3    package="com.example.chupachap"
4    android:versionCode="1"
5    android:versionName="1.0.0" >
6
7    <uses-sdk
8        android:minSdkVersion="23"
9        android:targetSdkVersion="34" />
10    <!--
11         Required to query activities that can process text, see:
12         https://developer.android.com/training/package-visibility and
13         https://developer.android.com/reference/android/content/Intent#ACTION_PROCESS_TEXT.
14
15         In particular, this is used by the Flutter engine in io.flutter.plugin.text.ProcessTextPlugin.
16    -->
17    <queries>
17-->src/main/AndroidManifest.xml:39:5-44:15
18        <intent>
18-->src/main/AndroidManifest.xml:40:9-43:18
19            <action android:name="android.intent.action.PROCESS_TEXT" />
19-->src/main/AndroidManifest.xml:41:13-72
19-->src/main/AndroidManifest.xml:41:21-70
20
21            <data android:mimeType="text/plain" />
21-->src/main/AndroidManifest.xml:42:13-50
21-->src/main/AndroidManifest.xml:42:19-48
22        </intent>
23        <!-- Needs to be explicitly declared on Android R+ -->
24        <package android:name="com.google.android.apps.maps" />
24-->[com.google.android.gms:play-services-maps:18.2.0] AndroidManifest.xml:33:9-64
24-->[com.google.android.gms:play-services-maps:18.2.0] AndroidManifest.xml:33:18-61
25    </queries>
26
27    <uses-permission android:name="android.permission.ACCESS_NETWORK_STATE" />
27-->[:connectivity_plus] AndroidManifest.xml:7:5-79
27-->[:connectivity_plus] AndroidManifest.xml:7:22-76
28    <uses-permission android:name="android.permission.INTERNET" />
28-->[:firebase_messaging] AndroidManifest.xml:7:5-67
28-->[:firebase_messaging] AndroidManifest.xml:7:22-64
29    <uses-permission android:name="android.permission.WAKE_LOCK" /> <!-- Permissions options for the `notification` group -->
29-->[:firebase_messaging] AndroidManifest.xml:8:5-68
29-->[:firebase_messaging] AndroidManifest.xml:8:22-65
30    <uses-permission android:name="android.permission.POST_NOTIFICATIONS" /> <!-- Required by older versions of Google Play services to create IID tokens -->
30-->[:firebase_messaging] AndroidManifest.xml:11:5-77
30-->[:firebase_messaging] AndroidManifest.xml:11:22-74
31    <uses-permission android:name="com.google.android.c2dm.permission.RECEIVE" />
31-->[com.google.firebase:firebase-messaging:24.1.0] AndroidManifest.xml:26:5-82
31-->[com.google.firebase:firebase-messaging:24.1.0] AndroidManifest.xml:26:22-79
32    <uses-permission android:name="com.google.android.providers.gsf.permission.READ_GSERVICES" />
32-->[com.google.android.recaptcha:recaptcha:18.5.1] AndroidManifest.xml:9:5-98
32-->[com.google.android.recaptcha:recaptcha:18.5.1] AndroidManifest.xml:9:22-95
33
34    <uses-feature
34-->[com.google.android.gms:play-services-maps:18.2.0] AndroidManifest.xml:26:5-28:35
35        android:glEsVersion="0x00020000"
35-->[com.google.android.gms:play-services-maps:18.2.0] AndroidManifest.xml:27:9-41
36        android:required="true" />
36-->[com.google.android.gms:play-services-maps:18.2.0] AndroidManifest.xml:28:9-32
37
38    <permission
38-->[androidx.core:core:1.13.1] AndroidManifest.xml:22:5-24:47
39        android:name="com.example.chupachap.DYNAMIC_RECEIVER_NOT_EXPORTED_PERMISSION"
39-->[androidx.core:core:1.13.1] AndroidManifest.xml:23:9-81
40        android:protectionLevel="signature" />
40-->[androidx.core:core:1.13.1] AndroidManifest.xml:24:9-44
41
42    <uses-permission android:name="com.example.chupachap.DYNAMIC_RECEIVER_NOT_EXPORTED_PERMISSION" />
42-->[androidx.core:core:1.13.1] AndroidManifest.xml:26:5-97
42-->[androidx.core:core:1.13.1] AndroidManifest.xml:26:22-94
43
44    <application
45        android:name="android.app.Application"
45-->src/main/AndroidManifest.xml:4:9-42
46        android:appComponentFactory="androidx.core.app.CoreComponentFactory"
46-->[androidx.core:core:1.13.1] AndroidManifest.xml:28:18-86
47        android:extractNativeLibs="false"
48        android:icon="@mipmap/launcher_icon"
48-->src/main/AndroidManifest.xml:5:9-45
49        android:label="chupachap" >
49-->src/main/AndroidManifest.xml:3:9-34
50        <activity
50-->src/main/AndroidManifest.xml:6:9-27:20
51            android:name="com.example.chupachap.MainActivity"
51-->src/main/AndroidManifest.xml:7:13-41
52            android:configChanges="orientation|keyboardHidden|keyboard|screenSize|smallestScreenSize|locale|layoutDirection|fontScale|screenLayout|density|uiMode"
52-->src/main/AndroidManifest.xml:12:13-163
53            android:exported="true"
53-->src/main/AndroidManifest.xml:8:13-36
54            android:hardwareAccelerated="true"
54-->src/main/AndroidManifest.xml:13:13-47
55            android:launchMode="singleTop"
55-->src/main/AndroidManifest.xml:9:13-43
56            android:taskAffinity=""
56-->src/main/AndroidManifest.xml:10:13-36
57            android:theme="@style/LaunchTheme"
57-->src/main/AndroidManifest.xml:11:13-47
58            android:windowSoftInputMode="adjustResize" >
58-->src/main/AndroidManifest.xml:14:13-55
59
60            <!--
61                 Specifies an Android theme to apply to this Activity as soon as
62                 the Android process has started. This theme is visible to the user
63                 while the Flutter UI initializes. After that, this theme continues
64                 to determine the Window background behind the Flutter UI.
65            -->
66            <meta-data
66-->src/main/AndroidManifest.xml:19:13-22:17
67                android:name="io.flutter.embedding.android.NormalTheme"
67-->src/main/AndroidManifest.xml:20:15-70
68                android:resource="@style/NormalTheme" />
68-->src/main/AndroidManifest.xml:21:15-52
69
70            <intent-filter>
70-->src/main/AndroidManifest.xml:23:13-26:29
71                <action android:name="android.intent.action.MAIN" />
71-->src/main/AndroidManifest.xml:24:17-68
71-->src/main/AndroidManifest.xml:24:25-66
72
73                <category android:name="android.intent.category.LAUNCHER" />
73-->src/main/AndroidManifest.xml:25:17-76
73-->src/main/AndroidManifest.xml:25:27-74
74            </intent-filter>
75        </activity>
76        <!--
77             Don't delete the meta-data below.
78             This is used by the Flutter tool to generate GeneratedPluginRegistrant.java
79        -->
80        <meta-data
80-->src/main/AndroidManifest.xml:30:9-32:33
81            android:name="flutterEmbedding"
81-->src/main/AndroidManifest.xml:31:13-44
82            android:value="2" />
82-->src/main/AndroidManifest.xml:32:13-30
83
84        <service
84-->[:cloud_firestore] AndroidManifest.xml:8:9-12:19
85            android:name="com.google.firebase.components.ComponentDiscoveryService"
85-->[:cloud_firestore] AndroidManifest.xml:8:18-89
86            android:directBootAware="true"
86-->[com.google.firebase:firebase-common:21.0.0] AndroidManifest.xml:32:13-43
87            android:exported="false" >
87-->[com.google.firebase:firebase-firestore:25.1.1] AndroidManifest.xml:16:13-37
88            <meta-data
88-->[:cloud_firestore] AndroidManifest.xml:9:13-11:85
89                android:name="com.google.firebase.components:io.flutter.plugins.firebase.firestore.FlutterFirebaseFirestoreRegistrar"
89-->[:cloud_firestore] AndroidManifest.xml:10:17-134
90                android:value="com.google.firebase.components.ComponentRegistrar" />
90-->[:cloud_firestore] AndroidManifest.xml:11:17-82
91            <meta-data
91-->[:firebase_auth] AndroidManifest.xml:9:13-11:85
92                android:name="com.google.firebase.components:io.flutter.plugins.firebase.auth.FlutterFirebaseAuthRegistrar"
92-->[:firebase_auth] AndroidManifest.xml:10:17-124
93                android:value="com.google.firebase.components.ComponentRegistrar" />
93-->[:firebase_auth] AndroidManifest.xml:11:17-82
94            <meta-data
94-->[:firebase_messaging] AndroidManifest.xml:36:13-38:85
95                android:name="com.google.firebase.components:io.flutter.plugins.firebase.messaging.FlutterFirebaseAppRegistrar"
95-->[:firebase_messaging] AndroidManifest.xml:37:17-128
96                android:value="com.google.firebase.components.ComponentRegistrar" />
96-->[:firebase_messaging] AndroidManifest.xml:38:17-82
97            <meta-data
97-->[:firebase_storage] AndroidManifest.xml:9:13-11:85
98                android:name="com.google.firebase.components:io.flutter.plugins.firebase.storage.FlutterFirebaseAppRegistrar"
98-->[:firebase_storage] AndroidManifest.xml:10:17-126
99                android:value="com.google.firebase.components.ComponentRegistrar" />
99-->[:firebase_storage] AndroidManifest.xml:11:17-82
100            <meta-data
100-->[:firebase_core] AndroidManifest.xml:9:13-11:85
101                android:name="com.google.firebase.components:io.flutter.plugins.firebase.core.FlutterFirebaseCoreRegistrar"
101-->[:firebase_core] AndroidManifest.xml:10:17-124
102                android:value="com.google.firebase.components.ComponentRegistrar" />
102-->[:firebase_core] AndroidManifest.xml:11:17-82
103            <meta-data
103-->[com.google.firebase:firebase-firestore:25.1.1] AndroidManifest.xml:17:13-19:85
104                android:name="com.google.firebase.components:com.google.firebase.firestore.FirebaseFirestoreKtxRegistrar"
104-->[com.google.firebase:firebase-firestore:25.1.1] AndroidManifest.xml:18:17-122
105                android:value="com.google.firebase.components.ComponentRegistrar" />
105-->[com.google.firebase:firebase-firestore:25.1.1] AndroidManifest.xml:19:17-82
106            <meta-data
106-->[com.google.firebase:firebase-firestore:25.1.1] AndroidManifest.xml:20:13-22:85
107                android:name="com.google.firebase.components:com.google.firebase.firestore.FirestoreRegistrar"
107-->[com.google.firebase:firebase-firestore:25.1.1] AndroidManifest.xml:21:17-111
108                android:value="com.google.firebase.components.ComponentRegistrar" />
108-->[com.google.firebase:firebase-firestore:25.1.1] AndroidManifest.xml:22:17-82
109            <meta-data
109-->[com.google.firebase:firebase-messaging:24.1.0] AndroidManifest.xml:57:13-59:85
110                android:name="com.google.firebase.components:com.google.firebase.messaging.FirebaseMessagingKtxRegistrar"
110-->[com.google.firebase:firebase-messaging:24.1.0] AndroidManifest.xml:58:17-122
111                android:value="com.google.firebase.components.ComponentRegistrar" />
111-->[com.google.firebase:firebase-messaging:24.1.0] AndroidManifest.xml:59:17-82
112            <meta-data
112-->[com.google.firebase:firebase-messaging:24.1.0] AndroidManifest.xml:60:13-62:85
113                android:name="com.google.firebase.components:com.google.firebase.messaging.FirebaseMessagingRegistrar"
113-->[com.google.firebase:firebase-messaging:24.1.0] AndroidManifest.xml:61:17-119
114                android:value="com.google.firebase.components.ComponentRegistrar" />
114-->[com.google.firebase:firebase-messaging:24.1.0] AndroidManifest.xml:62:17-82
115            <meta-data
115-->[com.google.firebase:firebase-storage:21.0.1] AndroidManifest.xml:30:13-32:85
116                android:name="com.google.firebase.components:com.google.firebase.storage.FirebaseStorageKtxRegistrar"
116-->[com.google.firebase:firebase-storage:21.0.1] AndroidManifest.xml:31:17-118
117                android:value="com.google.firebase.components.ComponentRegistrar" />
117-->[com.google.firebase:firebase-storage:21.0.1] AndroidManifest.xml:32:17-82
118            <meta-data
118-->[com.google.firebase:firebase-storage:21.0.1] AndroidManifest.xml:33:13-35:85
119                android:name="com.google.firebase.components:com.google.firebase.storage.StorageRegistrar"
119-->[com.google.firebase:firebase-storage:21.0.1] AndroidManifest.xml:34:17-107
120                android:value="com.google.firebase.components.ComponentRegistrar" />
120-->[com.google.firebase:firebase-storage:21.0.1] AndroidManifest.xml:35:17-82
121            <meta-data
121-->[com.google.firebase:firebase-installations:18.0.0] AndroidManifest.xml:15:13-17:85
122                android:name="com.google.firebase.components:com.google.firebase.installations.FirebaseInstallationsKtxRegistrar"
122-->[com.google.firebase:firebase-installations:18.0.0] AndroidManifest.xml:16:17-130
123                android:value="com.google.firebase.components.ComponentRegistrar" />
123-->[com.google.firebase:firebase-installations:18.0.0] AndroidManifest.xml:17:17-82
124            <meta-data
124-->[com.google.firebase:firebase-installations:18.0.0] AndroidManifest.xml:18:13-20:85
125                android:name="com.google.firebase.components:com.google.firebase.installations.FirebaseInstallationsRegistrar"
125-->[com.google.firebase:firebase-installations:18.0.0] AndroidManifest.xml:19:17-127
126                android:value="com.google.firebase.components.ComponentRegistrar" />
126-->[com.google.firebase:firebase-installations:18.0.0] AndroidManifest.xml:20:17-82
127            <meta-data
127-->[com.google.firebase:firebase-appcheck:18.0.0] AndroidManifest.xml:25:13-27:85
128                android:name="com.google.firebase.components:com.google.firebase.appcheck.FirebaseAppCheckKtxRegistrar"
128-->[com.google.firebase:firebase-appcheck:18.0.0] AndroidManifest.xml:26:17-120
129                android:value="com.google.firebase.components.ComponentRegistrar" />
129-->[com.google.firebase:firebase-appcheck:18.0.0] AndroidManifest.xml:27:17-82
130            <meta-data
130-->[com.google.firebase:firebase-appcheck:18.0.0] AndroidManifest.xml:28:13-30:85
131                android:name="com.google.firebase.components:com.google.firebase.appcheck.FirebaseAppCheckRegistrar"
131-->[com.google.firebase:firebase-appcheck:18.0.0] AndroidManifest.xml:29:17-117
132                android:value="com.google.firebase.components.ComponentRegistrar" />
132-->[com.google.firebase:firebase-appcheck:18.0.0] AndroidManifest.xml:30:17-82
133            <meta-data
133-->[com.google.firebase:firebase-common-ktx:21.0.0] AndroidManifest.xml:12:13-14:85
134                android:name="com.google.firebase.components:com.google.firebase.ktx.FirebaseCommonLegacyRegistrar"
134-->[com.google.firebase:firebase-common-ktx:21.0.0] AndroidManifest.xml:13:17-116
135                android:value="com.google.firebase.components.ComponentRegistrar" />
135-->[com.google.firebase:firebase-common-ktx:21.0.0] AndroidManifest.xml:14:17-82
136            <meta-data
136-->[com.google.firebase:firebase-auth:23.1.0] AndroidManifest.xml:69:13-71:85
137                android:name="com.google.firebase.components:com.google.firebase.auth.FirebaseAuthRegistrar"
137-->[com.google.firebase:firebase-auth:23.1.0] AndroidManifest.xml:70:17-109
138                android:value="com.google.firebase.components.ComponentRegistrar" />
138-->[com.google.firebase:firebase-auth:23.1.0] AndroidManifest.xml:71:17-82
139            <meta-data
139-->[com.google.firebase:firebase-common:21.0.0] AndroidManifest.xml:35:13-37:85
140                android:name="com.google.firebase.components:com.google.firebase.FirebaseCommonKtxRegistrar"
140-->[com.google.firebase:firebase-common:21.0.0] AndroidManifest.xml:36:17-109
141                android:value="com.google.firebase.components.ComponentRegistrar" />
141-->[com.google.firebase:firebase-common:21.0.0] AndroidManifest.xml:37:17-82
142            <meta-data
142-->[com.google.firebase:firebase-datatransport:18.2.0] AndroidManifest.xml:25:13-27:85
143                android:name="com.google.firebase.components:com.google.firebase.datatransport.TransportRegistrar"
143-->[com.google.firebase:firebase-datatransport:18.2.0] AndroidManifest.xml:26:17-115
144                android:value="com.google.firebase.components.ComponentRegistrar" />
144-->[com.google.firebase:firebase-datatransport:18.2.0] AndroidManifest.xml:27:17-82
145        </service>
146        <service
146-->[:firebase_messaging] AndroidManifest.xml:14:9-17:72
147            android:name="io.flutter.plugins.firebase.messaging.FlutterFirebaseMessagingBackgroundService"
147-->[:firebase_messaging] AndroidManifest.xml:15:13-107
148            android:exported="false"
148-->[:firebase_messaging] AndroidManifest.xml:16:13-37
149            android:permission="android.permission.BIND_JOB_SERVICE" />
149-->[:firebase_messaging] AndroidManifest.xml:17:13-69
150        <service
150-->[:firebase_messaging] AndroidManifest.xml:18:9-24:19
151            android:name="io.flutter.plugins.firebase.messaging.FlutterFirebaseMessagingService"
151-->[:firebase_messaging] AndroidManifest.xml:19:13-97
152            android:exported="false" >
152-->[:firebase_messaging] AndroidManifest.xml:20:13-37
153            <intent-filter>
153-->[:firebase_messaging] AndroidManifest.xml:21:13-23:29
154                <action android:name="com.google.firebase.MESSAGING_EVENT" />
154-->[:firebase_messaging] AndroidManifest.xml:22:17-78
154-->[:firebase_messaging] AndroidManifest.xml:22:25-75
155            </intent-filter>
156        </service>
157
158        <receiver
158-->[:firebase_messaging] AndroidManifest.xml:26:9-33:20
159            android:name="io.flutter.plugins.firebase.messaging.FlutterFirebaseMessagingReceiver"
159-->[:firebase_messaging] AndroidManifest.xml:27:13-98
160            android:exported="true"
160-->[:firebase_messaging] AndroidManifest.xml:28:13-36
161            android:permission="com.google.android.c2dm.permission.SEND" >
161-->[:firebase_messaging] AndroidManifest.xml:29:13-73
162            <intent-filter>
162-->[:firebase_messaging] AndroidManifest.xml:30:13-32:29
163                <action android:name="com.google.android.c2dm.intent.RECEIVE" />
163-->[:firebase_messaging] AndroidManifest.xml:31:17-81
163-->[:firebase_messaging] AndroidManifest.xml:31:25-78
164            </intent-filter>
165        </receiver>
166
167        <provider
167-->[:firebase_messaging] AndroidManifest.xml:41:9-45:38
168            android:name="io.flutter.plugins.firebase.messaging.FlutterFirebaseMessagingInitProvider"
168-->[:firebase_messaging] AndroidManifest.xml:42:13-102
169            android:authorities="com.example.chupachap.flutterfirebasemessaginginitprovider"
169-->[:firebase_messaging] AndroidManifest.xml:43:13-88
170            android:exported="false"
170-->[:firebase_messaging] AndroidManifest.xml:44:13-37
171            android:initOrder="99" />
171-->[:firebase_messaging] AndroidManifest.xml:45:13-35
172
173        <service
173-->[:geolocator_android] AndroidManifest.xml:8:9-12:56
174            android:name="com.baseflow.geolocator.GeolocatorLocationService"
174-->[:geolocator_android] AndroidManifest.xml:9:13-77
175            android:enabled="true"
175-->[:geolocator_android] AndroidManifest.xml:10:13-35
176            android:exported="false"
176-->[:geolocator_android] AndroidManifest.xml:11:13-37
177            android:foregroundServiceType="location" />
177-->[:geolocator_android] AndroidManifest.xml:12:13-53
178
179        <receiver
179-->[com.google.firebase:firebase-messaging:24.1.0] AndroidManifest.xml:29:9-40:20
180            android:name="com.google.firebase.iid.FirebaseInstanceIdReceiver"
180-->[com.google.firebase:firebase-messaging:24.1.0] AndroidManifest.xml:30:13-78
181            android:exported="true"
181-->[com.google.firebase:firebase-messaging:24.1.0] AndroidManifest.xml:31:13-36
182            android:permission="com.google.android.c2dm.permission.SEND" >
182-->[com.google.firebase:firebase-messaging:24.1.0] AndroidManifest.xml:32:13-73
183            <intent-filter>
183-->[:firebase_messaging] AndroidManifest.xml:30:13-32:29
184                <action android:name="com.google.android.c2dm.intent.RECEIVE" />
184-->[:firebase_messaging] AndroidManifest.xml:31:17-81
184-->[:firebase_messaging] AndroidManifest.xml:31:25-78
185            </intent-filter>
186
187            <meta-data
187-->[com.google.firebase:firebase-messaging:24.1.0] AndroidManifest.xml:37:13-39:40
188                android:name="com.google.android.gms.cloudmessaging.FINISHED_AFTER_HANDLED"
188-->[com.google.firebase:firebase-messaging:24.1.0] AndroidManifest.xml:38:17-92
189                android:value="true" />
189-->[com.google.firebase:firebase-messaging:24.1.0] AndroidManifest.xml:39:17-37
190        </receiver>
191        <!--
192             FirebaseMessagingService performs security checks at runtime,
193             but set to not exported to explicitly avoid allowing another app to call it.
194        -->
195        <service
195-->[com.google.firebase:firebase-messaging:24.1.0] AndroidManifest.xml:46:9-53:19
196            android:name="com.google.firebase.messaging.FirebaseMessagingService"
196-->[com.google.firebase:firebase-messaging:24.1.0] AndroidManifest.xml:47:13-82
197            android:directBootAware="true"
197-->[com.google.firebase:firebase-messaging:24.1.0] AndroidManifest.xml:48:13-43
198            android:exported="false" >
198-->[com.google.firebase:firebase-messaging:24.1.0] AndroidManifest.xml:49:13-37
199            <intent-filter android:priority="-500" >
199-->[:firebase_messaging] AndroidManifest.xml:21:13-23:29
200                <action android:name="com.google.firebase.MESSAGING_EVENT" />
200-->[:firebase_messaging] AndroidManifest.xml:22:17-78
200-->[:firebase_messaging] AndroidManifest.xml:22:25-75
201            </intent-filter>
202        </service>
203
204        <activity
204-->[com.google.firebase:firebase-auth:23.1.0] AndroidManifest.xml:29:9-46:20
205            android:name="com.google.firebase.auth.internal.GenericIdpActivity"
205-->[com.google.firebase:firebase-auth:23.1.0] AndroidManifest.xml:30:13-80
206            android:excludeFromRecents="true"
206-->[com.google.firebase:firebase-auth:23.1.0] AndroidManifest.xml:31:13-46
207            android:exported="true"
207-->[com.google.firebase:firebase-auth:23.1.0] AndroidManifest.xml:32:13-36
208            android:launchMode="singleTask"
208-->[com.google.firebase:firebase-auth:23.1.0] AndroidManifest.xml:33:13-44
209            android:theme="@android:style/Theme.Translucent.NoTitleBar" >
209-->[com.google.firebase:firebase-auth:23.1.0] AndroidManifest.xml:34:13-72
210            <intent-filter>
210-->[com.google.firebase:firebase-auth:23.1.0] AndroidManifest.xml:35:13-45:29
211                <action android:name="android.intent.action.VIEW" />
211-->[com.google.firebase:firebase-auth:23.1.0] AndroidManifest.xml:36:17-69
211-->[com.google.firebase:firebase-auth:23.1.0] AndroidManifest.xml:36:25-66
212
213                <category android:name="android.intent.category.DEFAULT" />
213-->[com.google.firebase:firebase-auth:23.1.0] AndroidManifest.xml:38:17-76
213-->[com.google.firebase:firebase-auth:23.1.0] AndroidManifest.xml:38:27-73
214                <category android:name="android.intent.category.BROWSABLE" />
214-->[com.google.firebase:firebase-auth:23.1.0] AndroidManifest.xml:39:17-78
214-->[com.google.firebase:firebase-auth:23.1.0] AndroidManifest.xml:39:27-75
215
216                <data
216-->src/main/AndroidManifest.xml:42:13-50
217                    android:host="firebase.auth"
218                    android:path="/"
219                    android:scheme="genericidp" />
220            </intent-filter>
221        </activity>
222        <activity
222-->[com.google.firebase:firebase-auth:23.1.0] AndroidManifest.xml:47:9-64:20
223            android:name="com.google.firebase.auth.internal.RecaptchaActivity"
223-->[com.google.firebase:firebase-auth:23.1.0] AndroidManifest.xml:48:13-79
224            android:excludeFromRecents="true"
224-->[com.google.firebase:firebase-auth:23.1.0] AndroidManifest.xml:49:13-46
225            android:exported="true"
225-->[com.google.firebase:firebase-auth:23.1.0] AndroidManifest.xml:50:13-36
226            android:launchMode="singleTask"
226-->[com.google.firebase:firebase-auth:23.1.0] AndroidManifest.xml:51:13-44
227            android:theme="@android:style/Theme.Translucent.NoTitleBar" >
227-->[com.google.firebase:firebase-auth:23.1.0] AndroidManifest.xml:52:13-72
228            <intent-filter>
228-->[com.google.firebase:firebase-auth:23.1.0] AndroidManifest.xml:53:13-63:29
229                <action android:name="android.intent.action.VIEW" />
229-->[com.google.firebase:firebase-auth:23.1.0] AndroidManifest.xml:36:17-69
229-->[com.google.firebase:firebase-auth:23.1.0] AndroidManifest.xml:36:25-66
230
231                <category android:name="android.intent.category.DEFAULT" />
231-->[com.google.firebase:firebase-auth:23.1.0] AndroidManifest.xml:38:17-76
231-->[com.google.firebase:firebase-auth:23.1.0] AndroidManifest.xml:38:27-73
232                <category android:name="android.intent.category.BROWSABLE" />
232-->[com.google.firebase:firebase-auth:23.1.0] AndroidManifest.xml:39:17-78
232-->[com.google.firebase:firebase-auth:23.1.0] AndroidManifest.xml:39:27-75
233
234                <data
234-->src/main/AndroidManifest.xml:42:13-50
235                    android:host="firebase.auth"
236                    android:path="/"
237                    android:scheme="recaptcha" />
238            </intent-filter>
239        </activity> <!-- Needs to be explicitly declared on P+ -->
240        <uses-library
240-->[com.google.android.gms:play-services-maps:18.2.0] AndroidManifest.xml:39:9-41:40
241            android:name="org.apache.http.legacy"
241-->[com.google.android.gms:play-services-maps:18.2.0] AndroidManifest.xml:40:13-50
242            android:required="false" />
242-->[com.google.android.gms:play-services-maps:18.2.0] AndroidManifest.xml:41:13-37
243
244        <service
244-->[androidx.credentials:credentials-play-services-auth:1.2.0-rc01] AndroidManifest.xml:24:9-32:19
245            android:name="androidx.credentials.playservices.CredentialProviderMetadataHolder"
245-->[androidx.credentials:credentials-play-services-auth:1.2.0-rc01] AndroidManifest.xml:25:13-94
246            android:enabled="true"
246-->[androidx.credentials:credentials-play-services-auth:1.2.0-rc01] AndroidManifest.xml:26:13-35
247            android:exported="false" >
247-->[androidx.credentials:credentials-play-services-auth:1.2.0-rc01] AndroidManifest.xml:27:13-37
248            <meta-data
248-->[androidx.credentials:credentials-play-services-auth:1.2.0-rc01] AndroidManifest.xml:29:13-31:104
249                android:name="androidx.credentials.CREDENTIAL_PROVIDER_KEY"
249-->[androidx.credentials:credentials-play-services-auth:1.2.0-rc01] AndroidManifest.xml:30:17-76
250                android:value="androidx.credentials.playservices.CredentialProviderPlayServicesImpl" />
250-->[androidx.credentials:credentials-play-services-auth:1.2.0-rc01] AndroidManifest.xml:31:17-101
251        </service>
252
253        <activity
253-->[androidx.credentials:credentials-play-services-auth:1.2.0-rc01] AndroidManifest.xml:34:9-41:20
254            android:name="androidx.credentials.playservices.HiddenActivity"
254-->[androidx.credentials:credentials-play-services-auth:1.2.0-rc01] AndroidManifest.xml:35:13-76
255            android:configChanges="orientation|screenSize|screenLayout|keyboardHidden"
255-->[androidx.credentials:credentials-play-services-auth:1.2.0-rc01] AndroidManifest.xml:36:13-87
256            android:enabled="true"
256-->[androidx.credentials:credentials-play-services-auth:1.2.0-rc01] AndroidManifest.xml:37:13-35
257            android:exported="false"
257-->[androidx.credentials:credentials-play-services-auth:1.2.0-rc01] AndroidManifest.xml:38:13-37
258            android:fitsSystemWindows="true"
258-->[androidx.credentials:credentials-play-services-auth:1.2.0-rc01] AndroidManifest.xml:39:13-45
259            android:theme="@style/Theme.Hidden" >
259-->[androidx.credentials:credentials-play-services-auth:1.2.0-rc01] AndroidManifest.xml:40:13-48
260        </activity>
261        <activity
261-->[com.google.android.gms:play-services-auth:20.7.0] AndroidManifest.xml:23:9-27:75
262            android:name="com.google.android.gms.auth.api.signin.internal.SignInHubActivity"
262-->[com.google.android.gms:play-services-auth:20.7.0] AndroidManifest.xml:24:13-93
263            android:excludeFromRecents="true"
263-->[com.google.android.gms:play-services-auth:20.7.0] AndroidManifest.xml:25:13-46
264            android:exported="false"
264-->[com.google.android.gms:play-services-auth:20.7.0] AndroidManifest.xml:26:13-37
265            android:theme="@android:style/Theme.Translucent.NoTitleBar" />
265-->[com.google.android.gms:play-services-auth:20.7.0] AndroidManifest.xml:27:13-72
266        <!--
267            Service handling Google Sign-In user revocation. For apps that do not integrate with
268            Google Sign-In, this service will never be started.
269        -->
270        <service
270-->[com.google.android.gms:play-services-auth:20.7.0] AndroidManifest.xml:33:9-37:51
271            android:name="com.google.android.gms.auth.api.signin.RevocationBoundService"
271-->[com.google.android.gms:play-services-auth:20.7.0] AndroidManifest.xml:34:13-89
272            android:exported="true"
272-->[com.google.android.gms:play-services-auth:20.7.0] AndroidManifest.xml:35:13-36
273            android:permission="com.google.android.gms.auth.api.signin.permission.REVOCATION_NOTIFICATION"
273-->[com.google.android.gms:play-services-auth:20.7.0] AndroidManifest.xml:36:13-107
274            android:visibleToInstantApps="true" />
274-->[com.google.android.gms:play-services-auth:20.7.0] AndroidManifest.xml:37:13-48
275
276        <provider
276-->[com.google.firebase:firebase-common:21.0.0] AndroidManifest.xml:23:9-28:39
277            android:name="com.google.firebase.provider.FirebaseInitProvider"
277-->[com.google.firebase:firebase-common:21.0.0] AndroidManifest.xml:24:13-77
278            android:authorities="com.example.chupachap.firebaseinitprovider"
278-->[com.google.firebase:firebase-common:21.0.0] AndroidManifest.xml:25:13-72